2023-08-21 19:05:05 Oriaweather startar.
2023-08-21 19:05:05 LogLevel : 1
2023-08-21 19:05:05 Väntar på Openweather.com
2023-08-21 19:05:06 Error från Openweather API: 400 Bad Request
2023-08-21 19:05:06 File:  not found
2023-08-21 19:05:06 Filen:  kan inte öppnas.
2023-08-21 19:05:17 Oriaweather avslutas.
2023-08-21 19:06:26 Oriaweather startar.
2023-08-21 19:06:26 LogLevel : 1
2023-08-21 19:06:26 Väntar på Openweather.com
2023-08-21 19:06:48 Error från Openweather API: 400 Bad Request
2023-08-21 19:06:48 File:  not found
2023-08-21 19:08:34 Oriaweather startar.
2023-08-21 19:08:34 LogLevel : 1
2023-08-21 19:08:34 Väntar på Openweather.com
2023-08-21 19:09:16 Error från Openweather API: 400 Bad Request
2023-08-21 19:09:16 File:  not found
2023-08-21 19:09:57 Oriaweather startar.
2023-08-21 19:09:57 LogLevel : 1
2023-08-21 19:09:57 Väntar på Openweather.com
2023-08-21 19:10:12 File: E:\Onedrive\Astronomi\Utveckling\Väder\Oriaweather\Weatherfile\RoofStatusFile.txt not found
2023-08-21 19:10:45 Oriaweather startar.
2023-08-21 19:10:45 LogLevel : 1
2023-08-21 19:10:45 Väntar på Openweather.com
2023-08-21 19:11:49 File: E:\Onedrive\Astronomi\Utveckling\Väder\Oriaweather\Weatherfile\RoofStatusFile.txt not found
2023-08-21 19:18:18 Oriaweather startar.
2023-08-21 19:18:18 LogLevel : 1
2023-08-21 19:18:18 Väntar på Openweather.com
2023-08-21 19:18:19 File: E:\Onedrive\Astronomi\Utveckling\Väder\Oriaweather\Weatherfile\RoofStatusFile.txt not found
2023-08-21 19:19:12 Oriaweather startar.
2023-08-21 19:19:12 LogLevel : 1
2023-08-21 19:19:12 Väntar på Openweather.com
2023-08-21 19:19:33 File: E:\Onedrive\Astronomi\Utveckling\Väder\Oriaweather\Weatherfile\RoofStatusFile.txt not found
2023-08-21 19:21:04 Oriaweather startar.
2023-08-21 19:21:04 LogLevel : 1
2023-08-21 19:21:04 Väntar på Openweather.com
2023-08-21 19:21:46 File: E:\Onedrive\Astronomi\Utveckling\Väder\Oriaweather\Weatherfile\RoofStatusFile.txt not found
2023-08-21 19:24:53 Oriaweather startar.
2023-08-21 19:24:53 LogLevel : 1
2023-08-21 19:24:53 Väntar på Openweather.com
2023-08-21 19:24:53 File: E:\Onedrive\Astronomi\Utveckling\Väder\Oriaweather\Weatherfile\RoofStatusFile.txt not found
2023-08-21 19:26:39 Oriaweather startar.
2023-08-21 19:26:39 LogLevel : 1
2023-08-21 19:26:39 Väntar på Openweather.com
2023-08-21 19:27:00 File: E:\Onedrive\Astronomi\Utveckling\Väder\Oriaweather\Weatherfile\RoofStatusFile.txt not found
2023-08-21 19:27:05 Filen: E:\Onedrive\Astronomi\Utveckling\Väder\Oriaweather\Weatherfile\RoofStatusFile.txt kan inte öppnas.
2023-08-21 19:27:09 File: E:\Onedrive\Astronomi\Utveckling\Väder\Oriaweather\Weatherfile\RoofStatusFile.txt not found
2023-08-21 19:27:21 Filen: E:\Onedrive\Astronomi\Utveckling\Väder\Oriaweather\Weatherfile\RoofStatusFile.txt kan inte öppnas.
2023-08-21 19:29:10 Oriaweather startar.
2023-08-21 19:29:10 LogLevel : 1
2023-08-21 19:29:10 Väntar på Openweather.com
2023-08-21 19:30:06 Oriaweather avslutas.
2023-08-21 19:30:43 Oriaweather startar.
2023-08-21 19:30:43 LogLevel : 1
2023-08-21 19:30:44 Väntar på Openweather.com
2023-08-21 19:31:03 Oriaweather avslutas.
2023-08-21 19:33:04 Oriaweather startar.
2023-08-21 19:33:04 LogLevel : 1
2023-08-21 19:33:04 Väntar på Openweather.com
2023-08-21 19:33:43 Oriaweather avslutas.
2023-08-22 15:20:58 Oriaweather startar.
2023-08-22 15:20:58 LogLevel : 1
2023-08-22 15:21:16 Väntar på Openweather.com
2023-08-22 15:24:54 Oriaweather startar.
2023-08-22 15:24:54 LogLevel : 1
2023-08-22 15:24:54 Väntar på Openweather.com
2023-08-31 12:12:52 Oriaweather startar.
2023-08-31 12:12:52 LogLevel : 1
2023-08-31 12:12:52 Väntar på Openweather.com
2023-09-08 19:36:16 Oriaweather startar.
2023-09-08 19:36:17 LogLevel : 1
2023-09-08 19:36:18 Väntar på Openweather.com
