2023-09-08 20:02:39 Oriaweather startar.
2023-09-08 20:02:39 LogLevel : 1
2023-09-08 20:02:40 Väntar på Openweather.com
2023-09-08 20:02:40 Error från Openweather API: 400 Bad Request
2023-09-08 20:02:40 File:  not found
2023-09-08 20:02:40 Filen:  kan inte öppnas.
2023-09-08 20:14:57 Oriaweather startar.
2023-09-08 20:14:57 LogLevel : 1
2023-09-08 20:14:58 Väntar på Openweather.com
2023-09-08 20:14:58 Error från Openweather API: 400 Bad Request
2023-09-08 20:14:58 File:  not found
2023-09-08 20:14:58 Filen:  kan inte öppnas.
2023-09-08 20:15:12 File:  not found
2023-09-08 20:15:13 Filen:  kan inte öppnas.
2023-09-08 20:15:28 File:  not found
2023-09-08 20:15:28 Filen:  kan inte öppnas.
2023-09-08 20:15:54 Oriaweather startar.
2023-09-08 20:15:54 LogLevel : 1
2023-09-08 20:15:55 Väntar på Openweather.com
2023-09-08 20:15:55 File: RoofStatusFile.txt not found
2023-09-08 20:15:55 Filen: RoofStatusFile.txt kan inte öppnas.
2023-09-08 20:18:29 Oriaweather startar.
2023-09-08 20:18:29 LogLevel : 1
2023-09-08 20:18:29 Väntar på Openweather.com
